<?xml version="1.0" encoding="UTF-8"?>
<beans xmlns="http://www.springframework.org/schema/beans"
	   xmlns:context="http://www.springframework.org/schema/context"
	   xmlns:xsi="http://www.w3.org/2001/XMLSchema-instance"
	   xsi:schemaLocation="
     http://www.springframework.org/schema/beans http://www.springframework.org/schema/beans/spring-beans-3.0.xsd
     http://www.springframework.org/schema/context http://www.springframework.org/schema/context/spring-context.xsd">

	<context:property-placeholder location="classpath:test-qdm-executor.properties" ignore-unresolvable="false" />

	<import resource="qdm-executor-context.xml"/>

	<bean id="valueSetCodeResolver" name="valueSetCodeResolver" class="edu.mayo.qdm.executor.valueset.JsonValueSetCodeResolver" />
	<!--<bean id="valueSetCodeResolver" name="valueSetCodeResolver" class="edu.mayo.qdm.executor.valueset.Cts2ValueSetCodeResolver" />-->

</beans>